<?xml version="1.0" encoding="UTF-8"?>
<testng-results skipped="0" failed="0" ignored="1" total="2" passed="1">
  <reporter-output>
  </reporter-output>
  <suite name="Default suite" duration-ms="37515" started-at="2018-08-01T06:55:58Z" finished-at="2018-08-01T06:56:35Z">
    <groups>
    </groups>
    <test name="Default test" duration-ms="37515" started-at="2018-08-01T06:55:58Z" finished-at="2018-08-01T06:56:35Z">
      <class name="testPackage.TestClass">
        <test-method status="PASS" signature="testInit()[pri:0, instance:testPackage.TestClass@146ba0ac]" name="testInit" is-config="true" duration-ms="604" started-at="2018-08-01T06:55:58Z" finished-at="2018-08-01T06:55:59Z">
          <reporter-output>
          </reporter-output>
        </test-method> <!-- testInit -->
        <test-method status="PASS" signature="setUpTest(java.lang.reflect.Method)[pri:0, instance:testPackage.TestClass@146ba0ac]" name="setUpTest" is-config="true" duration-ms="20886" started-at="2018-08-01T06:55:59Z" finished-at="2018-08-01T06:56:19Z">
          <params>
            <param index="0">
              <value>
                <![CDATA[public void testPackage.TestClass.Login_failure() throws java.awt.HeadlessException,java.awt.AWTException,java.io.IOException]]>
              </value>
            </param>
          </params>
          <reporter-output>
          </reporter-output>
        </test-method> <!-- setUpTest -->
        <test-method status="PASS" signature="Login_failure()[pri:1, instance:testPackage.TestClass@146ba0ac]" name="Login_failure" duration-ms="14804" started-at="2018-08-01T06:56:19Z" description="Test of failed Login" finished-at="2018-08-01T06:56:34Z">
          <reporter-output>
          </reporter-output>
        </test-method> <!-- Login_failure -->
        <test-method status="PASS" signature="tearDownTest(org.testng.ITestResult)[pri:0, instance:testPackage.TestClass@146ba0ac]" name="tearDownTest" is-config="true" duration-ms="1" started-at="2018-08-01T06:56:34Z" finished-at="2018-08-01T06:56:34Z">
          <params>
            <param index="0">
              <value>
                <![CDATA[[TestResult name=Login_failure status=SUCCESS method=TestClass.Login_failure()[pri:1, instance:testPackage.TestClass@146ba0ac] output={null}]]]>
              </value>
            </param>
          </params>
          <reporter-output>
          </reporter-output>
        </test-method> <!-- tearDownTest -->
        <test-method status="PASS" signature="clearUp()[pri:0, instance:testPackage.TestClass@146ba0ac]" name="clearUp" is-config="true" duration-ms="1161" started-at="2018-08-01T06:56:34Z" finished-at="2018-08-01T06:56:35Z">
          <reporter-output>
          </reporter-output>
        </test-method> <!-- clearUp -->
      </class> <!-- testPackage.TestClass -->
    </test> <!-- Default test -->
  </suite> <!-- Default suite -->
</testng-results>
